= Host-specific information ====================================================
$> hostname; uname -msr
e1z4r6p10.42.us.org
Darwin 17.5.0 x86_64
$> date
Mon Jan 28 08:39:28 PST 2019
$> gcc --version
Configured with: --prefix=/Library/Developer/CommandLineTools/usr --with-gxx-include-dir=/usr/include/c++/4.2.1
Apple LLVM version 9.1.0 (clang-902.0.39.1)
Target: x86_64-apple-darwin17.5.0
Thread model: posix
InstalledDir: /Library/Developer/CommandLineTools/usr/bin
$> clang --version
Apple LLVM version 9.1.0 (clang-902.0.39.1)
Target: x86_64-apple-darwin17.5.0
Thread model: posix
InstalledDir: /Library/Developer/CommandLineTools/usr/bin

= User files collection ========================================================
Collecting user files from Vogsphere
Repository URL: auto-exam/2019/c-exam-alone-in-the-dark-beginner/practice-exam_20190128/dstolz

= Git history ==================================================================
$> git -C /var/folders/7c/739301td5z9fl6sfg480m8jh0000gp/T/tmpWUzIzI/user log --pretty='%H - %an, %ad : %s'
be7d8d1a89b7ee18ee7691dd5d41ba6e6d9751ef - donald-stolz, Mon Jan 28 08:39:13 2019 -0800 : Submitting ft_countdown
 
= Collected files ==========================================
$> ls -lAR /var/folders/7c/739301td5z9fl6sfg480m8jh0000gp/T/tmpWUzIzI/user
total 8
-rw-r--r--  1 deepthought  deepthought  237 Jan 28 08:39 __GIT_HISTORY
drwxr-xr-x  3 deepthought  deepthought  102 Jan 28 08:39 ft_countdown

/var/folders/7c/739301td5z9fl6sfg480m8jh0000gp/T/tmpWUzIzI/user/ft_countdown:
total 8
-rw-r--r--  1 deepthought  deepthought  81 Jan 28 08:39 ft_countdown.c
 
= ft_countdown =================================================================
$> gcc -Wextra -Wall -Werror ft_countdown.c -o user_exe 

= Test 1 ===================================================
$> ./shp5hqk76tlo848qpvlf8fer
$> diff -U 3 user_output_test1 test1.output | cat -e

Diff OK :D
Grade: 1

= Final grade: 1 ===============================================================
