= Host-specific information ====================================================
$> hostname; uname -msr
e1z1r8p13.42.us.org
Darwin 17.4.0 x86_64
$> date
Mon Jan 28 09:03:22 PST 2019
$> gcc --version
Configured with: --prefix=/Library/Developer/CommandLineTools/usr --with-gxx-include-dir=/usr/include/c++/4.2.1
Apple LLVM version 9.0.0 (clang-900.0.39.2)
Target: x86_64-apple-darwin17.4.0
Thread model: posix
InstalledDir: /Library/Developer/CommandLineTools/usr/bin
$> clang --version
Apple LLVM version 9.0.0 (clang-900.0.39.2)
Target: x86_64-apple-darwin17.4.0
Thread model: posix
InstalledDir: /Library/Developer/CommandLineTools/usr/bin

= User files collection ========================================================
Collecting user files from Vogsphere
Repository URL: auto-exam/2019/c-exam-alone-in-the-dark-beginner/practice-exam_20190128/dstolz

= Git history ==================================================================
$> git -C /var/folders/dm/dhv_tq7n72x88x43cx518kwm0000gp/T/tmpfP3HNw/user log --pretty='%H - %an, %ad : %s'
3be760d870f1b36eb910e4214d5f487f9d7322df - donald-stolz, Mon Jan 28 09:03:13 2019 -0800 : Submitting ft_strdup
83f15c276d4907cf90142f18ec9354e46ba9b3ec - donald-stolz, Mon Jan 28 08:53:13 2019 -0800 : Submitting rot_13
be7d8d1a89b7ee18ee7691dd5d41ba6e6d9751ef - donald-stolz, Mon Jan 28 08:39:13 2019 -0800 : Submitting ft_countdown
 
= Collected files ==========================================
$> ls -lAR /var/folders/dm/dhv_tq7n72x88x43cx518kwm0000gp/T/tmpfP3HNw/user
total 8
-rw-r--r--  1 deepthought  deepthought  716 Jan 28 09:03 __GIT_HISTORY
drwxr-xr-x  3 deepthought  deepthought  102 Jan 28 09:03 ft_countdown
drwxr-xr-x  3 deepthought  deepthought  102 Jan 28 09:03 ft_strdup
drwxr-xr-x  3 deepthought  deepthought  102 Jan 28 09:03 rot_13

/var/folders/dm/dhv_tq7n72x88x43cx518kwm0000gp/T/tmpfP3HNw/user/ft_countdown:
total 8
-rw-r--r--  1 deepthought  deepthought  81 Jan 28 09:03 ft_countdown.c

/var/folders/dm/dhv_tq7n72x88x43cx518kwm0000gp/T/tmpfP3HNw/user/ft_strdup:
total 8
-rw-r--r--  1 deepthought  deepthought  188 Jan 28 09:03 ft_strdup.c

/var/folders/dm/dhv_tq7n72x88x43cx518kwm0000gp/T/tmpfP3HNw/user/rot_13:
total 8
-rw-r--r--  1 deepthought  deepthought  361 Jan 28 09:03 rot_13.c
 
= ft_strdup ====================================================================
$> gcc -Wextra -Wall -Werror main.c ft_strdup.c -o user_exe 

= Test 1 ===================================================
$> ./celhyaasb34wy6huamm0pu14 ""
$> diff -U 3 user_output_test1 test1.output | cat -e

Diff OK :D
= Test 2 ===================================================
$> ./cd1s1ua8zg4d92g9dreg35cl "I0D48"
$> diff -U 3 user_output_test2 test2.output | cat -e

Diff OK :D
= Test 3 ===================================================
$> ./2qh3o0s17sucy6gq59h73p8l "l1fkEy3RDT"
$> diff -U 3 user_output_test3 test3.output | cat -e

Diff OK :D
= Test 4 ===================================================
$> ./iczk98rp3zbi14i7kr9gx5zo "cUbVjBt8W"
$> diff -U 3 user_output_test4 test4.output | cat -e

Diff OK :D
= Test 5 ===================================================
$> ./wywzgg87gxanj7tthjqbtx6p "8Lm"
$> diff -U 3 user_output_test5 test5.output | cat -e

Diff OK :D
= Test 6 ===================================================
$> ./aj32rdhbrjt9n0h1e3stpv1e "4idsbV8Kuqp1f uTvt2wAS FUOlK0osMpfC9u 8BN0SMzCK T3aqsB0prwP8Hh LpynVA0NG"
$> diff -U 3 user_output_test6 test6.output | cat -e

Diff OK :D
= Test 7 ===================================================
$> ./9c11y3n8k5r74f8wctvy3okw "q892ztunQMFR fuyOKLzrqC FE1HU 0T6AMuGSZDXV4anb XGyIp3kCSFlmN Y1N2jw7pqyJkH aUIRHvmAc6jt9 iPM8m2 C3Lv7DTWYiF hi0m2F 5Ym4AvdDE UHGdoPDa Ns5vm83Ph64Ufgkw LjEf3BvzapSY KBQ3m5Dvo SwBA19 xNezFoq7phEPI1rCB"
$> diff -U 3 user_output_test7 test7.output | cat -e

Diff OK :D
= Test 8 ===================================================
$> ./ipq61tc0yl6f49jweae7qko0 "jqanHQ35pZ8UVhrmI 1sBcexH9UadwN5hr UpxYMjDNWRiIK t2eEB5zDuR0J1iZC OktB3fDjF0YvGuJ5E q1iej6QLOF mIjhZxMQFA jmLbDKnl40gchCGw 0oRyukETJirMV lEMzRaN"
$> diff -U 3 user_output_test8 test8.output | cat -e

Diff OK :D
= Test 9 ===================================================
$> ./isy2tbzv209eo2ym2hs6hpge "bzMHtnQLJef PIDj0lyn1eOqM jSQyIlC3XdoNavR Q4FcwW Aeguk0Kq1jZFyzCSG G0et3c1NMH JGu bXEo 90sk"
$> diff -U 3 user_output_test9 test9.output | cat -e

Diff OK :D
Grade: 1

= Final grade: 1 ===============================================================
