= Host-specific information ====================================================
$> hostname; uname -msr
e1z2r3p34.42.us.org
Darwin 17.4.0 x86_64
$> date
Mon Jan 28 10:20:19 PST 2019
$> gcc --version
Configured with: --prefix=/Library/Developer/CommandLineTools/usr --with-gxx-include-dir=/usr/include/c++/4.2.1
Apple LLVM version 9.0.0 (clang-900.0.39.2)
Target: x86_64-apple-darwin17.4.0
Thread model: posix
InstalledDir: /Library/Developer/CommandLineTools/usr/bin
$> clang --version
Apple LLVM version 9.0.0 (clang-900.0.39.2)
Target: x86_64-apple-darwin17.4.0
Thread model: posix
InstalledDir: /Library/Developer/CommandLineTools/usr/bin

= User files collection ========================================================
Collecting user files from Vogsphere
Repository URL: auto-exam/2019/c-exam-alone-in-the-dark-beginner/practice-exam_20190128/dstolz

= Git history ==================================================================
$> git -C /var/folders/20/fzbdr_j56tq66m5lg43l2cx00000gp/T/tmpb7mctY/user log --pretty='%H - %an, %ad : %s'
d860c33897dacbb3a953fb66f745d5f69c9bb755 - donald-stolz, Mon Jan 28 10:20:09 2019 -0800 : Submitting lcm
c0c17c6444d0bf780018d787cc2b36b9f5407902 - donald-stolz, Mon Jan 28 10:00:06 2019 -0800 : Submit atoi_base
3be760d870f1b36eb910e4214d5f487f9d7322df - donald-stolz, Mon Jan 28 09:03:13 2019 -0800 : Submitting ft_strdup
83f15c276d4907cf90142f18ec9354e46ba9b3ec - donald-stolz, Mon Jan 28 08:53:13 2019 -0800 : Submitting rot_13
be7d8d1a89b7ee18ee7691dd5d41ba6e6d9751ef - donald-stolz, Mon Jan 28 08:39:13 2019 -0800 : Submitting ft_countdown
 
= Collected files ==========================================
$> ls -lAR /var/folders/20/fzbdr_j56tq66m5lg43l2cx00000gp/T/tmpb7mctY/user
total 8
-rw-r--r--  1 deepthought  deepthought  1190 Jan 28 10:20 __GIT_HISTORY
drwxr-xr-x  3 deepthought  deepthought   102 Jan 28 10:20 ft_atoi_base
drwxr-xr-x  3 deepthought  deepthought   102 Jan 28 10:20 ft_countdown
drwxr-xr-x  3 deepthought  deepthought   102 Jan 28 10:20 ft_strdup
drwxr-xr-x  3 deepthought  deepthought   102 Jan 28 10:20 lcm
drwxr-xr-x  3 deepthought  deepthought   102 Jan 28 10:20 rot_13

/var/folders/20/fzbdr_j56tq66m5lg43l2cx00000gp/T/tmpb7mctY/user/ft_atoi_base:
total 8
-rw-r--r--  1 deepthought  deepthought  622 Jan 28 10:20 ft_atoi_base.c

/var/folders/20/fzbdr_j56tq66m5lg43l2cx00000gp/T/tmpb7mctY/user/ft_countdown:
total 8
-rw-r--r--  1 deepthought  deepthought  81 Jan 28 10:20 ft_countdown.c

/var/folders/20/fzbdr_j56tq66m5lg43l2cx00000gp/T/tmpb7mctY/user/ft_strdup:
total 8
-rw-r--r--  1 deepthought  deepthought  188 Jan 28 10:20 ft_strdup.c

/var/folders/20/fzbdr_j56tq66m5lg43l2cx00000gp/T/tmpb7mctY/user/lcm:
total 8
-rw-r--r--  1 deepthought  deepthought  198 Jan 28 10:20 lcm.c

/var/folders/20/fzbdr_j56tq66m5lg43l2cx00000gp/T/tmpb7mctY/user/rot_13:
total 8
-rw-r--r--  1 deepthought  deepthought  361 Jan 28 10:20 rot_13.c
 
= lcm ==========================================================================
$> gcc -Wextra -Wall -Werror main.c lcm.c -o user_exe 

= Test 1 ===================================================
$> ./310bwbm0ulx9uxpr5q3cb3oa 132 72
$> diff -U 3 user_output_test1 test1.output | cat -e

Diff OK :D
= Test 2 ===================================================
$> ./2tql35tcgj70ugssjq6zaxam 54 45
$> diff -U 3 user_output_test2 test2.output | cat -e

Diff OK :D
= Test 3 ===================================================
$> ./dck962donqof1lxnxzya302a 13 2
$> diff -U 3 user_output_test3 test3.output | cat -e

Diff OK :D
= Test 4 ===================================================
$> ./l7fagmlwp1v3bzea5j2awmyo 41 4
$> diff -U 3 user_output_test4 test4.output | cat -e

Diff OK :D
= Test 5 ===================================================
$> ./0mfu8rjfz4t9yze552an83qm 0 1
$> diff -U 3 user_output_test5 test5.output | cat -e

Diff OK :D
= Test 6 ===================================================
$> ./hqw6qvjxq0xozw65937b6s1b 1 0
$> diff -U 3 user_output_test6 test6.output | cat -e

Diff OK :D
= Test 7 ===================================================
$> ./2fxkewpbpcf4q5p0s4q1r33x 67 15
$> diff -U 3 user_output_test7 test7.output | cat -e

Diff OK :D
= Test 8 ===================================================
$> ./lc84g41v65ake89blttoee6u 89 74
$> diff -U 3 user_output_test8 test8.output | cat -e

Diff OK :D
Grade: 1

= Final grade: 1 ===============================================================
